<?xml version="1.0" encoding="UTF-8"?>
<testsuites>
	<testsuite failures="0" name="gitleaks" tests="0" time=""></testsuite>
</testsuites>